Determining if the pthread_create exist failed with the following output:
Change Dir: /home/ubuntu/udacity/SFND_Lidar_Obstacle_Detection/src/quiz/ransac/build/CMakeFiles/CMakeTmp

Run Build Command:"/usr/bin/make" "cmTC_64536/fast"
/usr/bin/make -f CMakeFiles/cmTC_64536.dir/build.make CMakeFiles/cmTC_64536.dir/build
make[1]: Entering directory '/home/ubuntu/udacity/SFND_Lidar_Obstacle_Detection/src/quiz/ransac/build/CMakeFiles/CMakeTmp'
Building C object CMakeFiles/cmTC_64536.dir/CheckSymbolExists.c.o
/usr/bin/cc    -o CMakeFiles/cmTC_64536.dir/CheckSymbolExists.c.o   -c /home/ubuntu/udacity/SFND_Lidar_Obstacle_Detection/src/quiz/ransac/build/CMakeFiles/CMakeTmp/CheckSymbolExists.c
Linking C executable cmTC_64536
/usr/bin/cmake -E cmake_link_script CMakeFiles/cmTC_64536.dir/link.txt --verbose=1
/usr/bin/cc      -rdynamic CMakeFiles/cmTC_64536.dir/CheckSymbolExists.c.o  -o cmTC_64536 
CMakeFiles/cmTC_64536.dir/CheckSymbolExists.c.o: In function `main':
CheckSymbolExists.c:(.text+0x16): undefined reference to `pthread_create'
collect2: error: ld returned 1 exit status
CMakeFiles/cmTC_64536.dir/build.make:97: recipe for target 'cmTC_64536' failed
make[1]: *** [cmTC_64536] Error 1
make[1]: Leaving directory '/home/ubuntu/udacity/SFND_Lidar_Obstacle_Detection/src/quiz/ransac/build/CMakeFiles/CMakeTmp'
Makefile:126: recipe for target 'cmTC_64536/fast' failed
make: *** [cmTC_64536/fast] Error 2

File /home/ubuntu/udacity/SFND_Lidar_Obstacle_Detection/src/quiz/ransac/build/CMakeFiles/CMakeTmp/CheckSymbolExists.c:
/* */
#include <pthread.h>

int main(int argc, char** argv)
{
  (void)argv;
#ifndef pthread_create
  return ((int*)(&pthread_create))[argc];
#else
  (void)argc;
  return 0;
#endif
}

Determining if the function pthread_create exists in the pthreads failed with the following output:
Change Dir: /home/ubuntu/udacity/SFND_Lidar_Obstacle_Detection/src/quiz/ransac/build/CMakeFiles/CMakeTmp

Run Build Command:"/usr/bin/make" "cmTC_b88fb/fast"
/usr/bin/make -f CMakeFiles/cmTC_b88fb.dir/build.make CMakeFiles/cmTC_b88fb.dir/build
make[1]: Entering directory '/home/ubuntu/udacity/SFND_Lidar_Obstacle_Detection/src/quiz/ransac/build/CMakeFiles/CMakeTmp'
Building C object CMakeFiles/cmTC_b88fb.dir/CheckFunctionExists.c.o
/usr/bin/cc   -DCHECK_FUNCTION_EXISTS=pthread_create   -o CMakeFiles/cmTC_b88fb.dir/CheckFunctionExists.c.o   -c /usr/share/cmake-3.10/Modules/CheckFunctionExists.c
Linking C executable cmTC_b88fb
/usr/bin/cmake -E cmake_link_script CMakeFiles/cmTC_b88fb.dir/link.txt --verbose=1
/usr/bin/cc  -DCHECK_FUNCTION_EXISTS=pthread_create    -rdynamic CMakeFiles/cmTC_b88fb.dir/CheckFunctionExists.c.o  -o cmTC_b88fb -lpthreads 
/usr/bin/ld: cannot find -lpthreads
collect2: error: ld returned 1 exit status
CMakeFiles/cmTC_b88fb.dir/build.make:97: recipe for target 'cmTC_b88fb' failed
make[1]: *** [cmTC_b88fb] Error 1
make[1]: Leaving directory '/home/ubuntu/udacity/SFND_Lidar_Obstacle_Detection/src/quiz/ransac/build/CMakeFiles/CMakeTmp'
Makefile:126: recipe for target 'cmTC_b88fb/fast' failed
make: *** [cmTC_b88fb/fast] Error 2


